<?xml version="1.0" encoding="UTF-8"?>
<!-- Generated by org.testng.reporters.JUnitReportReporter -->
<testsuite hostname="Abhijith" failures="0" tests="1" name="shoppingcart.TC_DWS_003_Test" time="9.845" errors="0" timestamp="2024-01-04T12:40:36 IST" skipped="0">
  <testcase classname="shoppingcart.TC_DWS_003_Test" name="addToCart" time="9.845"/>
  <system-out/>
</testsuite> <!-- shoppingcart.TC_DWS_003_Test -->
