<?xml version="1.0" encoding="UTF-8"?>
<!-- Generated by org.testng.reporters.JUnitReportReporter -->
<testsuite hostname="Abhijith" failures="0" tests="1" name="login.TC_DWS_002_Test" time="3.123" errors="0" timestamp="2024-01-04T12:21:41 IST" skipped="0">
  <testcase classname="login.TC_DWS_002_Test" name="loginTest" time="3.123"/>
  <system-out/>
</testsuite> <!-- login.TC_DWS_002_Test -->
